<?xml version="1.0" encoding="UTF-8"?>
<!-- Generated by org.testng.reporters.JUnitReportReporter -->
<testsuite hostname="PCT50" failures="0" tests="4" name="runners.TestRunner" time="7.931" errors="0" timestamp="2025-07-29T15:33:09 IST" skipped="0">
  <testcase classname="runners.TestRunner" name="runScenario" time="0.547"/>
  <testcase classname="runners.TestRunner" name="runScenario" time="4.559"/>
  <testcase classname="runners.TestRunner" name="runScenario" time="1.533"/>
  <testcase classname="runners.TestRunner" name="runScenario" time="1.292"/>
</testsuite> <!-- runners.TestRunner -->
